[17Aug2025 00:03:01.674] [Server thread/INFO] [net.minecraft.server.players.PlayerList/]: ander31[/127.122.23.113:43313] logged in with entity id 115741 at (-1631.5391458264362, 93.5625, 2846.5888811705126)
[17Aug2025 00:03:01.686] [Server thread/INFO] [net.minecraft.server.MinecraftServer/]: ander31 joined the game
[17Aug2025 00:03:01.697] [Server thread/INFO] [Jade/]: Syncing config to ander31 (b1453593-5f83-3666-8d38-4070cb18656a)
[17Aug2025 00:03:02.590] [Server thread/INFO] [voicechat/]: [voicechat] Received secret request of ander31 (18)
[17Aug2025 00:03:02.591] [Server thread/INFO] [voicechat/]: [voicechat] Sent secret to ander31
[17Aug2025 00:03:40.328] [Server thread/INFO] [net.minecraft.server.network.ServerLoginPacketListenerImpl/]: com.mojang.authlib.GameProfile@769765e6[id=<null>,name=blackdesfail,properties={},legacy=false] (/127.195.151.45:45017) lost connection: Disconnected
[17Aug2025 00:03:53.823] [Server thread/INFO] [net.minecraft.server.network.ServerLoginPacketListenerImpl/]: com.mojang.authlib.GameProfile@32aac0c8[id=<null>,name=blackdesfail,properties={},legacy=false] (/127.195.151.45:32995) lost connection: Disconnected
[17Aug2025 00:04:25.821] [Server thread/INFO] [net.minecraft.server.network.ServerLoginPacketListenerImpl/]: com.mojang.authlib.GameProfile@3222dc79[id=<null>,name=blackdesfail,properties={},legacy=false] (/127.195.151.45:34513) lost connection: Disconnected
[17Aug2025 00:04:42.535] [Server thread/INFO] [net.minecraft.server.players.PlayerList/]: blackdesfail[/127.195.151.45:51401] logged in with entity id 117117 at (-1629.5163831546665, 93.5625, 2845.7439682628074)
[17Aug2025 00:04:42.545] [Server thread/INFO] [net.minecraft.server.MinecraftServer/]: blackdesfail joined the game
[17Aug2025 00:04:42.588] [Server thread/INFO] [Jade/]: Syncing config to blackdesfail (8ee55147-1e45-3b94-88b3-e892d49e9186)
[17Aug2025 00:04:42.843] [Server thread/INFO] [voicechat/]: [voicechat] Received secret request of blackdesfail (18)
[17Aug2025 00:04:42.844] [Server thread/INFO] [voicechat/]: [voicechat] Sent secret to blackdesfail
[17Aug2025 00:05:45.867] [Server thread/INFO] [net.minecraft.server.MinecraftServer/]: blackdesfail was slain by Siren Head
[17Aug2025 00:05:45.872] [Server thread/INFO] [net.minecraft.server.MinecraftServer/]: ander31 was slain by Siren Head
[17Aug2025 00:05:57.016] [Server thread/INFO] [net.minecraft.server.MinecraftServer/]: blackdesfail was slain by Siren Head
[17Aug2025 00:05:59.516] [Server thread/INFO] [net.minecraft.server.MinecraftServer/]: ander31 was slain by Siren Head
[17Aug2025 00:06:02.015] [Server thread/INFO] [net.minecraft.server.MinecraftServer/]: blackdesfail was slain by Siren Head
[17Aug2025 00:06:08.016] [Server thread/INFO] [net.minecraft.server.MinecraftServer/]: ander31 was slain by Siren Head
[17Aug2025 00:06:20.867] [Server thread/INFO] [net.minecraft.server.MinecraftServer/]: ander31 was slain by Siren Head
[17Aug2025 00:06:50.413] [Server thread/INFO] [com.lgow.endofherobrine.entity.herobrine.AbstractHerobrine/]: LURKER spawned at BlockPos{x=-1610, y=94, z=2821}
[17Aug2025 00:09:44.371] [Server thread/INFO] [net.minecraft.server.MinecraftServer/]: ander31 was slain by Cave Spider
[17Aug2025 00:10:40.230] [Server thread/WARN] [net.minecraft.server.MinecraftServer/]: Can't keep up! Is the server overloaded? Running 3518ms or 70 ticks behind
[17Aug2025 00:11:10.665] [Server thread/WARN] [net.minecraft.server.network.ServerGamePacketListenerImpl/]: blackdesfail moved too quickly! 8.724895593212068,0.8800391385729398,4.881876336010464
[17Aug2025 00:11:10.677] [Server thread/WARN] [net.minecraft.server.MinecraftServer/]: Can't keep up! Is the server overloaded? Running 2115ms or 42 ticks behind
[17Aug2025 00:11:44.892] [Server thread/WARN] [net.minecraft.server.network.ServerGamePacketListenerImpl/]: blackdesfail moved too quickly! 9.66450499203961,-1.4524514780759716,3.134145387244189
